[2024-11-19 15:26:16] [INFO] init logger successfully  
[2024-11-19 15:26:16] [INFO] init monitor db successfully  
[2024-11-19 15:26:16] [INFO] init db successfully  
[2024-11-19 15:26:16] [INFO] listen at http://:9999 [tcp4]  
[2024-11-19 15:27:19] [INFO] init logger successfully  
[2024-11-19 15:27:19] [INFO] init monitor db successfully  
[2024-11-19 15:27:19] [INFO] init db successfully  
[2024-11-19 15:28:38] [INFO] init logger successfully  
[2024-11-19 15:28:38] [INFO] init monitor db successfully  
[2024-11-19 15:28:38] [INFO] init db successfully  
[2024-11-19 15:28:51] [INFO] listen at http://0.0.0.0:9999 [tcp4]  
[2024-11-19 15:29:03] [INFO] init logger successfully  
[2024-11-19 15:29:03] [INFO] init monitor db successfully  
[2024-11-19 15:29:03] [INFO] init db successfully  
[2024-11-19 15:29:03] [INFO] listen at http://0.0.0.0:9999 [tcp4]  
[2024-11-19 15:29:16] [INFO] init logger successfully  
[2024-11-19 15:29:16] [INFO] init monitor db successfully  
[2024-11-19 15:29:16] [INFO] init db successfully  
[2024-11-19 15:29:16] [INFO] listen at http://:9999 [tcp4]  
[2024-11-19 15:29:24] [INFO] init logger successfully  
[2024-11-19 15:29:24] [INFO] init monitor db successfully  
[2024-11-19 15:29:24] [INFO] init db successfully  
[2024-11-19 15:29:24] [INFO] listen at http://0.0.0.0:9999 [tcp4]  
[2024-11-19 15:33:19] [INFO] init logger successfully  
[2024-11-19 15:33:19] [INFO] init monitor db successfully  
[2024-11-19 15:33:19] [INFO] init db successfully  
[2024-11-19 15:33:19] [INFO] listen at http://0.0.0.0:9999 [tcp4]  
[2024-11-19 15:39:35] [INFO] init logger successfully  
[2024-11-19 15:39:35] [INFO] init monitor db successfully  
[2024-11-19 15:39:35] [INFO] init db successfully  
